<?xml version="1.0" encoding="UTF-8"?>
<testng-results ignored="0" total="1" passed="1" failed="0" skipped="0">
  <reporter-output>
  </reporter-output>
  <suite started-at="2022-03-06T20:19:50 PST" name="Surefire suite" finished-at="2022-03-06T20:20:05 PST" duration-ms="14940">
    <groups>
      <group name="cucumber">
        <method signature="AbstractTestNGCucumberTests.feature(cucumber.api.testng.CucumberFeatureWrapper)[pri:0, instance:opencart.testrunnerr.TestRunner@5fe94a96]" name="feature" class="cucumber.api.testng.AbstractTestNGCucumberTests"/>
      </group> <!-- cucumber -->
    </groups>
    <test started-at="2022-03-06T20:19:50 PST" name="Surefire test" finished-at="2022-03-06T20:20:05 PST" duration-ms="14940">
      <class name="opencart.testrunnerr.TestRunner">
        <test-method is-config="true" signature="LaunchApplicationURL()[pri:0, instance:opencart.testrunnerr.TestRunner@5fe94a96]" started-at="2022-03-06T20:19:50 PST" name="LaunchApplicationURL" finished-at="2022-03-06T20:19:56 PST" duration-ms="6587" status="PASS">
          <reporter-output>
          </reporter-output>
        </test-method> <!-- LaunchApplicationURL -->
        <test-method is-config="true" signature="setUpClass()[pri:0, instance:opencart.testrunnerr.TestRunner@5fe94a96]" started-at="2022-03-06T20:19:56 PST" name="setUpClass" finished-at="2022-03-06T20:19:57 PST" duration-ms="469" status="PASS">
          <reporter-output>
          </reporter-output>
        </test-method> <!-- setUpClass -->
        <test-method signature="feature(cucumber.api.testng.CucumberFeatureWrapper)[pri:0, instance:opencart.testrunnerr.TestRunner@5fe94a96]" started-at="2022-03-06T20:19:57 PST" name="feature" description="Runs Cucumber Feature" data-provider="features" finished-at="2022-03-06T20:20:04 PST" duration-ms="6602" status="PASS">
          <params>
            <param index="0">
              <value>
                <![CDATA[Signin]]>
              </value>
            </param>
          </params>
          <reporter-output>
          </reporter-output>
        </test-method> <!-- feature -->
        <test-method is-config="true" signature="tearDownClass()[pri:0, instance:opencart.testrunnerr.TestRunner@5fe94a96]" started-at="2022-03-06T20:20:04 PST" name="tearDownClass" finished-at="2022-03-06T20:20:04 PST" duration-ms="20" status="PASS">
          <reporter-output>
          </reporter-output>
        </test-method> <!-- tearDownClass -->
        <test-method is-config="true" signature="CloseApplicationURL()[pri:0, instance:opencart.testrunnerr.TestRunner@5fe94a96]" started-at="2022-03-06T20:20:04 PST" name="CloseApplicationURL" finished-at="2022-03-06T20:20:05 PST" duration-ms="1033" status="PASS">
          <reporter-output>
          </reporter-output>
        </test-method> <!-- CloseApplicationURL -->
      </class> <!-- opencart.testrunnerr.TestRunner -->
    </test> <!-- Surefire test -->
  </suite> <!-- Surefire suite -->
</testng-results>
